<?xml version="1.0" encoding="UTF-8"?>
<testng-results total="1" passed="1" failed="0" skipped="0">
  <reporter-output>
  </reporter-output>
  <suite started-at="2021-07-11T13:05:18Z" name="Suite" finished-at="2021-07-11T13:05:40Z" duration-ms="21935">
    <groups>
      <group name="cucumber">
        <method signature="AbstractTestNGCucumberTests.feature(cucumber.api.testng.CucumberFeatureWrapper)[pri:0, instance:runners.RunCuke@6156496]" name="feature" class="cucumber.api.testng.AbstractTestNGCucumberTests"/>
      </group> <!-- cucumber -->
    </groups>
    <test started-at="2021-07-11T13:05:18Z" name="Test" finished-at="2021-07-11T13:05:40Z" duration-ms="21935">
      <class name="runners.RunCuke">
        <test-method is-config="true" signature="setUpClass()[pri:0, instance:runners.RunCuke@6156496]" started-at="2021-07-11T18:35:18Z" name="setUpClass" finished-at="2021-07-11T18:35:18Z" duration-ms="346" status="PASS">
          <reporter-output>
          </reporter-output>
        </test-method> <!-- setUpClass -->
        <test-method is-config="true" signature="setup()[pri:0, instance:runners.RunCuke@6156496]" started-at="2021-07-11T18:35:18Z" name="setup" finished-at="2021-07-11T18:35:19Z" duration-ms="1183" status="PASS">
          <reporter-output>
          </reporter-output>
        </test-method> <!-- setup -->
        <test-method signature="feature(cucumber.api.testng.CucumberFeatureWrapper)[pri:0, instance:runners.RunCuke@6156496]" started-at="2021-07-11T18:35:19Z" name="feature" description="Runs Cucumber Feature" data-provider="features" finished-at="2021-07-11T18:35:40Z" duration-ms="20106" status="PASS">
          <params>
            <param index="0">
              <value>
                <![CDATA[Acceptance testing to validate search cars page is working]]>
              </value>
            </param>
          </params>
          <reporter-output>
          </reporter-output>
        </test-method> <!-- feature -->
        <test-method is-config="true" signature="tearDownClass()[pri:0, instance:runners.RunCuke@6156496]" started-at="2021-07-11T18:35:40Z" name="tearDownClass" finished-at="2021-07-11T18:35:40Z" duration-ms="164" status="PASS">
          <reporter-output>
          </reporter-output>
        </test-method> <!-- tearDownClass -->
      </class> <!-- runners.RunCuke -->
    </test> <!-- Test -->
  </suite> <!-- Suite -->
</testng-results>
