<?xml version="1.0" encoding="UTF-8"?>
<testsuite xmlns:xsi="http://www.w3.org/2001/XMLSchema-instance" xsi:noNamespaceSchemaLocation="https://maven.apache.org/surefire/maven-surefire-plugin/xsd/surefire-test-report-3.0.xsd" version="3.0" name="TestSuite" time="22.613" tests="1" errors="0" skipped="0" failures="0">
  <properties>
[...]
</properties>
  <testcase name="feature[Acceptance testing to validate search cars page is working](1)" classname="runners.RunCuke" time="20.142">
    <system-out><![CDATA[11072021_063518
@Search-Cars
Feature: Acceptance testing to validate search cars page is working
  In order to validate that 
  the search cars page is working fine 
  we will do the acceptance testing.
Before
buy + sell
cars list found
Actual page title-->Bmw 1 Series Under 1000 for Sale ACT | carsguide
Expected page title-->Bmw 1 Series Under 1000 for Sale ACT | carsguide
false

  Scenario: Validate search cars page                                               &amp#27;[90m# SearchCars.feature:7&amp#27;[0m
    &amp#27;[32mGiven &amp#27;[0m&amp#27;[32mI am on the Home Page "&amp#27;[0m&amp#27;[32m&amp#27;[1mhttps://www.carsguide.com.au&amp#27;[0m&amp#27;[32m" of CarsGuide Website&amp#27;[0m &amp#27;[90m# SearchCarsSteps.i_am_on_the_home_page_of_cars_guide_com_website(String)&amp#27;[0m
    &amp#27;[32mWhen &amp#27;[0m&amp#27;[32mI move to car for sell menu&amp#27;[0m                                                &amp#27;[90m# SearchCarsSteps.i_move_to_car_for_sell_menu(String>)&amp#27;[0m
    &amp#27;[32mAnd &amp#27;[0m&amp#27;[32mClick on search cars link&amp#27;[0m                                                   &amp#27;[90m# SearchCarsSteps.click_on_search_cars_link()&amp#27;[0m
    &amp#27;[32mAnd &amp#27;[0m&amp#27;[32mselect carbrand as "&amp#27;[0m&amp#27;[32m&amp#27;[1mBMW&amp#27;[0m&amp#27;[32m" from AnyMake dropdown&amp#27;[0m                              &amp#27;[90m# SearchCarsSteps.select_car_brand_as_from_any_make_dropdown(String)&amp#27;[0m
    &amp#27;[32mAnd &amp#27;[0m&amp#27;[32mselect "&amp#27;[0m&amp#27;[32m&amp#27;[1m1 Series&amp#27;[0m&amp#27;[32m" as car model&amp#27;[0m                                              &amp#27;[90m# SearchCarsSteps.select_car_model_as_from_any_model_dropdown(String)&amp#27;[0m
    &amp#27;[32mAnd &amp#27;[0m&amp#27;[32mselect location as "&amp#27;[0m&amp#27;[32m&amp#27;[1mACT - All&amp#27;[0m&amp#27;[32m" from SelectLocation dropdown&amp#27;[0m                 &amp#27;[90m# SearchCarsSteps.select_car_location_as_from_any_location_dropdown(String)&amp#27;[0m
    &amp#27;[32mAnd &amp#27;[0m&amp#27;[32mselect "&amp#27;[0m&amp#27;[32m&amp#27;[1m$1,000&amp#27;[0m&amp#27;[32m" as price&amp#27;[0m                                                    &amp#27;[90m# SearchCarsSteps.select_car_price_as_from_price_dropdown(String)&amp#27;[0m
    &amp#27;[32mAnd &amp#27;[0m&amp#27;[32mclick on Find_My_Next_Car button&amp#27;[0m                                            &amp#27;[90m# SearchCarsSteps.click_on_find_my_next_car_button()&amp#27;[0m
    &amp#27;[32mThen &amp#27;[0m&amp#27;[32mI should see list of searched cars&amp#27;[0m                                         &amp#27;[90m# SearchCarsSteps.i_should_see_list_of_searched_cars()&amp#27;[0m
    &amp#27;[32mAnd &amp#27;[0m&amp#27;[32mthe page title should be "&amp#27;[0m&amp#27;[32m&amp#27;[1mBmw 1 Series Under 1000 for Sale ACT | carsguide&amp#27;[0m&amp#27;[32m"&amp#27;[0m &amp#27;[90m# SearchCarsSteps.the_page_title_should_be(String)&amp#27;[0m
]]></system-out>
    <system-err><![CDATA[Starting ChromeDriver 91.0.4472.101 (af52a90bf87030dd1523486a1cd3ae25c5d76c9b-refs/branch-heads/4472@{#1462}) on port 39714
Only local connections are allowed.
Please see https://chromedriver.chromium.org/security-considerations for suggestions on keeping ChromeDriver safe.
ChromeDriver was started successfully.
Jul 11, 2021 6:35:24 PM org.openqa.selenium.remote.ProtocolHandshake createSession
INFO: Detected dialect: W3C
log4j:WARN No appenders could be found for logger (freemarker.cache).
log4j:WARN Please initialize the log4j system properly.
log4j:WARN See http://logging.apache.org/log4j/1.2/faq.html#noconfig for more info.
]]></system-err>
  </testcase>
</testsuite>