<?xml version="1.0" encoding="UTF-8"?>
<testng-results total="1" passed="1" failed="0" skipped="0">
  <reporter-output>
  </reporter-output>
  <suite started-at="2021-07-11T10:32:51Z" name="Suite" finished-at="2021-07-11T10:33:13Z" duration-ms="21700">
    <groups>
      <group name="cucumber">
        <method signature="AbstractTestNGCucumberTests.feature(cucumber.api.testng.CucumberFeatureWrapper)[pri:0, instance:runners.RunCuke@159f197]" name="feature" class="cucumber.api.testng.AbstractTestNGCucumberTests"/>
      </group> <!-- cucumber -->
    </groups>
    <test started-at="2021-07-11T10:32:51Z" name="Test" finished-at="2021-07-11T10:33:13Z" duration-ms="21700">
      <class name="runners.RunCuke">
        <test-method is-config="true" signature="setUpClass()[pri:0, instance:runners.RunCuke@159f197]" started-at="2021-07-11T16:02:51Z" name="setUpClass" finished-at="2021-07-11T16:02:52Z" duration-ms="341" status="PASS">
          <reporter-output>
          </reporter-output>
        </test-method> <!-- setUpClass -->
        <test-method is-config="true" signature="setup()[pri:0, instance:runners.RunCuke@159f197]" started-at="2021-07-11T16:02:52Z" name="setup" finished-at="2021-07-11T16:02:53Z" duration-ms="985" status="PASS">
          <reporter-output>
          </reporter-output>
        </test-method> <!-- setup -->
        <test-method signature="feature(cucumber.api.testng.CucumberFeatureWrapper)[pri:0, instance:runners.RunCuke@159f197]" started-at="2021-07-11T16:02:53Z" name="feature" description="Runs Cucumber Feature" data-provider="features" finished-at="2021-07-11T16:03:13Z" duration-ms="20029" status="PASS">
          <params>
            <param index="0">
              <value>
                <![CDATA[Acceptance testing to validate search cars page is working]]>
              </value>
            </param>
          </params>
          <reporter-output>
          </reporter-output>
        </test-method> <!-- feature -->
        <test-method is-config="true" signature="tearDownClass()[pri:0, instance:runners.RunCuke@159f197]" started-at="2021-07-11T16:03:13Z" name="tearDownClass" finished-at="2021-07-11T16:03:13Z" duration-ms="202" status="PASS">
          <reporter-output>
          </reporter-output>
        </test-method> <!-- tearDownClass -->
      </class> <!-- runners.RunCuke -->
    </test> <!-- Test -->
  </suite> <!-- Suite -->
</testng-results>
